{"/home/fabian/programmieren/webdevelopment(js,css)/projects/mapty/test.js": {"path":"/home/fabian/programmieren/webdevelopment(js,css)/projects/mapty/test.js","statementMap":{"0":{"start":{"line":1,"column":20},"end":{"line":1,"column":32}},"1":{"start":{"line":1,"column":29},"end":{"line":1,"column":32}}},"fnMap":{"0":{"name":"(anonymous_0)","decl":{"start":{"line":1,"column":20},"end":{"line":1,"column":21}},"loc":{"start":{"line":1,"column":29},"end":{"line":1,"column":32}},"line":1}},"branchMap":{},"s":{"0":1,"1":0},"f":{"0":0},"b":{},"_coverageSchema":"1a1c01bbd47fc00a2c39e90264f33305004495a9","hash":"edb660aabe437d4bd46eb3c455d20e91f543093e"}
}
